<?xml version="1.0" encoding="UTF-8"?>
<testsuite xmlns:xsi="http://www.w3.org/2001/XMLSchema-instance" xsi:noNamespaceSchemaLocation="https://maven.apache.org/surefire/maven-surefire-plugin/xsd/surefire-test-report-3.0.xsd" version="3.0" name="org.acme.LambdaHandlerTest" time="3.257" tests="1" errors="0" skipped="0" failures="0">
  <properties>
[...]
</properties>
  <testcase name="testSimpleLambdaSuccess" classname="org.acme.LambdaHandlerTest" time="0.717">
    <system-out><![CDATA[&amp#27;[90mDownloading from &amp#27;[0mcentral&amp#27;[90m: https://repo.maven.apache.org/maven2/&amp#27;[0mio/quarkus/quarkus-bom-quarkus-platform-properties/3.13.2/quarkus-bom-quarkus-platform-properties-3.13.2.properties
Downloaded&amp#27;[90m from &amp#27;[0mcentral&amp#27;[90m: https://repo.maven.apache.org/maven2/&amp#27;[0mio/quarkus/quarkus-bom-quarkus-platform-properties/3.13.2/quarkus-bom-quarkus-platform-properties-3.13.2.properties&amp#27;[90m (45 B at 185 B/s)&amp#27;[0m
2024-09-30 21:38:35,515 WARN  [io.net.res.dns.DnsServerAddressStreamProviders] (build-21) Can not find io.netty.resolver.dns.macos.MacOSDnsServerAddressStreamProvider in the classpath, fallback to system defaults. This may result in incorrect DNS resolutions on MacOS. Check whether you have a dependency on 'io.netty:netty-resolver-dns-native-macos'
2024-09-30 21:38:35,606 INFO  [io.qua.ama.lam.run.MockEventServer] (build-21) Mock Lambda Event Server Started
2024-09-30 21:38:35,863 WARN  [io.qua.config] (main) Unrecognized configuration key "quarkus.http.test-port" was provided; it will be ignored; verify that the dependency extension for this configuration is set or that you did not make a typo
2024-09-30 21:38:36,169 INFO  [io.qua.ama.lam.run.AbstractLambdaPollLoop] (Lambda Thread (TEST)) Listening on: http://localhost:8081/_lambda_/2018-06-01/runtime/invocation/next
2024-09-30 21:38:36,189 INFO  [io.quarkus] (main) quarkus-aws-requeststreamhandler 1.0-SNAPSHOT on JVM (powered by Quarkus 3.13.2) started in 1.144s. 
2024-09-30 21:38:36,190 INFO  [io.quarkus] (main) Profile test activated. 
2024-09-30 21:38:36,190 INFO  [io.quarkus] (main) Installed features: [amazon-lambda, cdi]
]]></system-out>
  </testcase>
</testsuite>